<?xml version="1.0" encoding="UTF-8"?>
<!-- Generated by org.testng.reporters.JUnitXMLReporter -->
<testsuite ignored="0" hostname="Elian" failures="0" tests="1" name="Surefire test" time="0.266" errors="0" timestamp="2020-06-07T22:40:00 EDT">
  <testcase classname="common.WebAPI" name="@BeforeMethod setUp" time="0.149">
    <failure type="java.lang.IllegalStateException" message="The path to the driver executable must be set by the webdriver.chrome.driver system property; for more information, see https://github.com/SeleniumHQ/selenium/wiki/ChromeDriver. The latest version can be downloaded from http://chromedriver.storage.googleapis.com/index.html">
      <![CDATA[java.lang.IllegalStateException: The path to the driver executable must be set by the webdriver.chrome.driver system property; for more information, see https://github.com/SeleniumHQ/selenium/wiki/ChromeDriver. The latest version can be downloaded from http://chromedriver.storage.googleapis.com/index.html
at com.google.common.base.Preconditions.checkState(Preconditions.java:847)
at org.openqa.selenium.remote.service.DriverService.findExecutable(DriverService.java:134)
at org.openqa.selenium.chrome.ChromeDriverService.access$000(ChromeDriverService.java:35)
at org.openqa.selenium.chrome.ChromeDriverService$Builder.findDefaultExecutable(ChromeDriverService.java:159)
at org.openqa.selenium.remote.service.DriverService$Builder.build(DriverService.java:355)
at org.openqa.selenium.chrome.ChromeDriverService.createDefaultService(ChromeDriverService.java:94)
at org.openqa.selenium.chrome.ChromeDriver.<init>(ChromeDriver.java:157)
at common.WebAPI.getLocalDriver(WebAPI.java:147)
at common.WebAPI.setUp(WebAPI.java:122)
at java.base/java.util.ArrayList.forEach(ArrayList.java:1510)
... Removed 36 stack frames]]>
    </failure>
  </testcase> <!-- @BeforeMethod setUp -->
  <testcase classname="common.WebAPI" name="@BeforeMethod startExtent" time="-1.59158400062E9">
    <skipped/>
  </testcase> <!-- @BeforeMethod startExtent -->
  <testcase classname="common.WebAPI" name="@AfterMethod afterEachTestMethod" time="-1.591584000632E9">
    <skipped/>
  </testcase> <!-- @AfterMethod afterEachTestMethod -->
  <testcase classname="common.WebAPI" name="@AfterMethod cleanUp" time="0.002">
    <failure type="java.lang.NullPointerException">
      <![CDATA[java.lang.NullPointerException
at common.WebAPI.cleanUp(WebAPI.java:194)
at java.base/java.util.ArrayList.forEach(ArrayList.java:1510)
... Removed 37 stack frames]]>
    </failure>
  </testcase> <!-- @AfterMethod cleanUp -->
  <testcase classname="homePageTest.TestHomePage" name="testClickLogin" time="0.0">
    <skipped/>
  </testcase> <!-- testClickLogin -->
</testsuite> <!-- Surefire test -->
